Arguments: 
  /Users/robertdeckard/.nvm/versions/node/v10.4.0/bin/node /usr/local/Cellar/yarn/1.5.1/libexec/bin/yarn.js render

PATH: 
  /Users/robertdeckard/.nvm/versions/node/v10.4.0/bin:/usr/local/bin:/usr/bin:/bin:/usr/sbin:/sbin

Yarn version: 
  1.5.1

Node version: 
  10.4.0

Platform: 
  darwin x64

npm manifest: 
  {
    "name": "om-lesson-title",
    "version": "1.0.0",
    "repository":
      "https://github.homedepot.com/OM-JavaScript/om-lesson-title.git",
    "author": "Orange Method",
    "license": "MIT",
    "scripts": {
      "latest": "yarn upgrade",
      "watch": "yarn watchman adoc \"yarn render <%= @file %>\""
    },
    "dependencies": {
      "om-lesson-assets": "^1.0.2",
      "watchman": "^0.1.8"
    }
  }

yarn manifest: 
  No manifest

Lockfile: 
  # THIS IS AN AUTOGENERATED FILE. DO NOT EDIT THIS FILE DIRECTLY.
  # yarn lockfile v1
  
  
  balanced-match@^1.0.0:
    version "1.0.0"
    resolved "https://npm.artifactory.homedepot.com/artifactory/api/npm/npm/balanced-match/-/balanced-match-1.0.0.tgz?dl=https://registry.yarnpkg.com/balanced-match/-/balanced-match-1.0.0.tgz#89b4d199ab2bee49de164ea02b89ce462d71b767"
  
  brace-expansion@^1.1.7:
    version "1.1.11"
    resolved "https://npm.artifactory.homedepot.com/artifactory/api/npm/npm/brace-expansion/-/brace-expansion-1.1.11.tgz?dl=https://registry.yarnpkg.com/brace-expansion/-/brace-expansion-1.1.11.tgz#3c7fcbf529d87226f3d2f52b966ff5271eb441dd"
    dependencies:
      balanced-match "^1.0.0"
      concat-map "0.0.1"
  
  "cli@>= 0.2.8":
    version "1.0.1"
    resolved "https://npm.artifactory.homedepot.com/artifactory/api/npm/npm/cli/-/cli-1.0.1.tgz?dl=https://registry.yarnpkg.com/cli/-/cli-1.0.1.tgz#22817534f24bfa4950c34d532d48ecbc621b8c14"
    dependencies:
      exit "0.1.2"
      glob "^7.1.1"
  
  coffee-script@>=1.2.0:
    version "1.12.7"
    resolved "https://npm.artifactory.homedepot.com/artifactory/api/npm/npm/coffee-script/-/coffee-script-1.12.7.tgz?dl=https://registry.yarnpkg.com/coffee-script/-/coffee-script-1.12.7.tgz#c05dae0cb79591d05b3070a8433a98c9a89ccc53"
  
  concat-map@0.0.1:
    version "0.0.1"
    resolved "https://npm.artifactory.homedepot.com/artifactory/api/npm/npm/concat-map/-/concat-map-0.0.1.tgz?dl=https://registry.yarnpkg.com/concat-map/-/concat-map-0.0.1.tgz#d8a96bd77fd68df7793a73036a3ba0d5405d477b"
  
  "eco@>= 1.1.0-rc-3":
    version "1.1.0-rc-3"
    resolved "https://npm.artifactory.homedepot.com/artifactory/api/npm/npm/eco/-/eco-1.1.0-rc-3.tgz?dl=https://registry.yarnpkg.com/eco/-/eco-1.1.0-rc-3.tgz#742a32c4615af705ab3e9a46b6ce5c16dbc57262"
    dependencies:
      coffee-script ">=1.2.0"
      strscan ">=1.0.1"
  
  exit@0.1.2:
    version "0.1.2"
    resolved "https://npm.artifactory.homedepot.com/artifactory/api/npm/npm/exit/-/exit-0.1.2.tgz?dl=https://registry.yarnpkg.com/exit/-/exit-0.1.2.tgz#0632638f8d877cc82107d30a0fff1a17cba1cd0c"
  
  fs.realpath@^1.0.0:
    version "1.0.0"
    resolved "https://npm.artifactory.homedepot.com/artifactory/api/npm/npm/fs.realpath/-/fs.realpath-1.0.0.tgz?dl=https://registry.yarnpkg.com/fs.realpath/-/fs.realpath-1.0.0.tgz#1504ad2523158caa40db4a2787cb01411994ea4f"
  
  glob@^7.1.1:
    version "7.1.2"
    resolved "https://npm.artifactory.homedepot.com/artifactory/api/npm/npm/glob/-/glob-7.1.2.tgz?dl=https://registry.yarnpkg.com/glob/-/glob-7.1.2.tgz#c19c9df9a028702d678612384a6552404c636d15"
    dependencies:
      fs.realpath "^1.0.0"
      inflight "^1.0.4"
      inherits "2"
      minimatch "^3.0.4"
      once "^1.3.0"
      path-is-absolute "^1.0.0"
  
  inflight@^1.0.4:
    version "1.0.6"
    resolved "https://npm.artifactory.homedepot.com/artifactory/api/npm/npm/inflight/-/inflight-1.0.6.tgz?dl=https://registry.yarnpkg.com/inflight/-/inflight-1.0.6.tgz#49bd6331d7d02d0c09bc910a1075ba8165b56df9"
    dependencies:
      once "^1.3.0"
      wrappy "1"
  
  inherits@2:
    version "2.0.3"
    resolved "https://npm.artifactory.homedepot.com/artifactory/api/npm/npm/inherits/-/inherits-2.0.3.tgz?dl=https://registry.yarnpkg.com/inherits/-/inherits-2.0.3.tgz#633c2c83e3da42a502f52466022480f4208261de"
  
  minimatch@^3.0.4:
    version "3.0.4"
    resolved "https://npm.artifactory.homedepot.com/artifactory/api/npm/npm/minimatch/-/minimatch-3.0.4.tgz?dl=https://registry.yarnpkg.com/minimatch/-/minimatch-3.0.4.tgz#5166e286457f03306064be5497e8dbb0c3d32083"
    dependencies:
      brace-expansion "^1.1.7"
  
  om-asciidoc-theme@^1.0.0:
    version "1.0.0"
    resolved "https://npm.artifactory.homedepot.com/artifactory/api/npm/npm/om-asciidoc-theme/-/om-asciidoc-theme-1.0.0.tgz#d7ba9bfb5ad8b1c75c06b30a2062210c459678a8"
  
  om-lesson-assets@^1.0.2:
    version "1.0.2"
    resolved "https://npm.artifactory.homedepot.com/artifactory/api/npm/npm/om-lesson-assets/-/om-lesson-assets-1.0.2.tgz#af37d9732ba428aafd7d7a993504c765b0672117"
    dependencies:
      om-asciidoc-theme "^1.0.0"
      watchman "^0.1.8"
  
  once@^1.3.0:
    version "1.4.0"
    resolved "https://npm.artifactory.homedepot.com/artifactory/api/npm/npm/once/-/once-1.4.0.tgz?dl=https://registry.yarnpkg.com/once/-/once-1.4.0.tgz#583b1aa775961d4b113ac17d9c50baef9dd76bd1"
    dependencies:
      wrappy "1"
  
  path-is-absolute@^1.0.0:
    version "1.0.1"
    resolved "https://npm.artifactory.homedepot.com/artifactory/api/npm/npm/path-is-absolute/-/path-is-absolute-1.0.1.tgz?dl=https://registry.yarnpkg.com/path-is-absolute/-/path-is-absolute-1.0.1.tgz#174b9268735534ffbc7ace6bf53a5a9e1b5c5f5f"
  
  strscan@>=1.0.1:
    version "1.0.1"
    resolved "https://npm.artifactory.homedepot.com/artifactory/api/npm/npm/strscan/-/strscan-1.0.1.tgz?dl=https://registry.yarnpkg.com/strscan/-/strscan-1.0.1.tgz#472d9bc00c68e906ef2fc22cdf762be7c61acc4d"
  
  watchman@^0.1.8:
    version "0.1.8"
    resolved "https://npm.artifactory.homedepot.com/artifactory/api/npm/npm/watchman/-/watchman-0.1.8.tgz?dl=https://registry.yarnpkg.com/watchman/-/watchman-0.1.8.tgz#78ae7e866205ed68f1bec59da6f672691710103e"
    dependencies:
      cli ">= 0.2.8"
      eco ">= 1.1.0-rc-3"
  
  wrappy@1:
    version "1.0.2"
    resolved "https://npm.artifactory.homedepot.com/artifactory/api/npm/npm/wrappy/-/wrappy-1.0.2.tgz?dl=https://registry.yarnpkg.com/wrappy/-/wrappy-1.0.2.tgz#b5243d8f3ec1aa35f1364605bc0d1036e30ab69f"

Trace: 
  Error: Command "render" not found.
      at new MessageError (/usr/local/Cellar/yarn/1.5.1/libexec/lib/cli.js:186:110)
      at /usr/local/Cellar/yarn/1.5.1/libexec/lib/cli.js:87307:17
      at Generator.next (<anonymous>)
      at step (/usr/local/Cellar/yarn/1.5.1/libexec/lib/cli.js:98:30)
      at /usr/local/Cellar/yarn/1.5.1/libexec/lib/cli.js:116:14
      at new Promise (<anonymous>)
      at new F (/usr/local/Cellar/yarn/1.5.1/libexec/lib/cli.js:23451:28)
      at /usr/local/Cellar/yarn/1.5.1/libexec/lib/cli.js:95:12
      at runCommand (/usr/local/Cellar/yarn/1.5.1/libexec/lib/cli.js:87312:22)
      at Object.<anonymous> (/usr/local/Cellar/yarn/1.5.1/libexec/lib/cli.js:87412:14)
